  SceneManager.cpp
C:\Users\emayb\Downloads\CS330Content-20250418T160730Z-001\CS330Content\CS330Content\Projects\7-1_FinalProjectMilestones\Source\SceneManager.cpp(232,16): warning C4018: '<': signed/unsigned mismatch
C:\Users\emayb\Downloads\CS330Content-20250418T160730Z-001\CS330Content\CS330Content\Projects\7-1_FinalProjectMilestones\Source\SceneManager.cpp(471,27): warning C4305: '=': truncation from 'double' to 'float'
C:\Users\emayb\Downloads\CS330Content-20250418T160730Z-001\CS330Content\CS330Content\Projects\7-1_FinalProjectMilestones\Source\SceneManager.cpp(905,31): warning C4305: 'argument': truncation from 'double' to 'float'
C:\Users\emayb\Downloads\CS330Content-20250418T160730Z-001\CS330Content\CS330Content\Projects\7-1_FinalProjectMilestones\Source\SceneManager.cpp(905,24): warning C4305: 'argument': truncation from 'double' to 'float'
C:\Users\emayb\Downloads\CS330Content-20250418T160730Z-001\CS330Content\CS330Content\Projects\7-1_FinalProjectMilestones\Source\SceneManager.cpp(905,17): warning C4305: 'argument': truncation from 'double' to 'float'
C:\Users\emayb\Downloads\CS330Content-20250418T160730Z-001\CS330Content\CS330Content\Projects\7-1_FinalProjectMilestones\Source\SceneManager.cpp(929,31): warning C4305: 'argument': truncation from 'double' to 'float'
C:\Users\emayb\Downloads\CS330Content-20250418T160730Z-001\CS330Content\CS330Content\Projects\7-1_FinalProjectMilestones\Source\SceneManager.cpp(929,24): warning C4305: 'argument': truncation from 'double' to 'float'
C:\Users\emayb\Downloads\CS330Content-20250418T160730Z-001\CS330Content\CS330Content\Projects\7-1_FinalProjectMilestones\Source\SceneManager.cpp(929,17): warning C4305: 'argument': truncation from 'double' to 'float'
C:\Users\emayb\Downloads\CS330Content-20250418T160730Z-001\CS330Content\CS330Content\Projects\7-1_FinalProjectMilestones\Source\SceneManager.cpp(953,31): warning C4305: 'argument': truncation from 'double' to 'float'
C:\Users\emayb\Downloads\CS330Content-20250418T160730Z-001\CS330Content\CS330Content\Projects\7-1_FinalProjectMilestones\Source\SceneManager.cpp(953,24): warning C4305: 'argument': truncation from 'double' to 'float'
C:\Users\emayb\Downloads\CS330Content-20250418T160730Z-001\CS330Content\CS330Content\Projects\7-1_FinalProjectMilestones\Source\SceneManager.cpp(953,17): warning C4305: 'argument': truncation from 'double' to 'float'
C:\Users\emayb\Downloads\CS330Content-20250418T160730Z-001\CS330Content\CS330Content\Projects\7-1_FinalProjectMilestones\Source\SceneManager.cpp(977,31): warning C4305: 'argument': truncation from 'double' to 'float'
C:\Users\emayb\Downloads\CS330Content-20250418T160730Z-001\CS330Content\CS330Content\Projects\7-1_FinalProjectMilestones\Source\SceneManager.cpp(977,24): warning C4305: 'argument': truncation from 'double' to 'float'
C:\Users\emayb\Downloads\CS330Content-20250418T160730Z-001\CS330Content\CS330Content\Projects\7-1_FinalProjectMilestones\Source\SceneManager.cpp(977,17): warning C4305: 'argument': truncation from 'double' to 'float'
C:\Users\emayb\Downloads\CS330Content-20250418T160730Z-001\CS330Content\CS330Content\Projects\7-1_FinalProjectMilestones\Source\SceneManager.cpp(1001,31): warning C4305: 'argument': truncation from 'double' to 'float'
C:\Users\emayb\Downloads\CS330Content-20250418T160730Z-001\CS330Content\CS330Content\Projects\7-1_FinalProjectMilestones\Source\SceneManager.cpp(1001,24): warning C4305: 'argument': truncation from 'double' to 'float'
C:\Users\emayb\Downloads\CS330Content-20250418T160730Z-001\CS330Content\CS330Content\Projects\7-1_FinalProjectMilestones\Source\SceneManager.cpp(1001,17): warning C4305: 'argument': truncation from 'double' to 'float'
C:\Users\emayb\Downloads\CS330Content-20250418T160730Z-001\CS330Content\CS330Content\Projects\7-1_FinalProjectMilestones\Source\SceneManager.cpp(1193,31): warning C4305: 'argument': truncation from 'double' to 'float'
C:\Users\emayb\Downloads\CS330Content-20250418T160730Z-001\CS330Content\CS330Content\Projects\7-1_FinalProjectMilestones\Source\SceneManager.cpp(1193,24): warning C4305: 'argument': truncation from 'double' to 'float'
C:\Users\emayb\Downloads\CS330Content-20250418T160730Z-001\CS330Content\CS330Content\Projects\7-1_FinalProjectMilestones\Source\SceneManager.cpp(1193,17): warning C4305: 'argument': truncation from 'double' to 'float'
C:\Users\emayb\Downloads\CS330Content-20250418T160730Z-001\CS330Content\CS330Content\Projects\7-1_FinalProjectMilestones\Source\SceneManager.cpp(1219,31): warning C4305: 'argument': truncation from 'double' to 'float'
C:\Users\emayb\Downloads\CS330Content-20250418T160730Z-001\CS330Content\CS330Content\Projects\7-1_FinalProjectMilestones\Source\SceneManager.cpp(1219,24): warning C4305: 'argument': truncation from 'double' to 'float'
C:\Users\emayb\Downloads\CS330Content-20250418T160730Z-001\CS330Content\CS330Content\Projects\7-1_FinalProjectMilestones\Source\SceneManager.cpp(1219,17): warning C4305: 'argument': truncation from 'double' to 'float'
C:\Users\emayb\Downloads\CS330Content-20250418T160730Z-001\CS330Content\CS330Content\Projects\7-1_FinalProjectMilestones\Source\SceneManager.cpp(1245,31): warning C4305: 'argument': truncation from 'double' to 'float'
C:\Users\emayb\Downloads\CS330Content-20250418T160730Z-001\CS330Content\CS330Content\Projects\7-1_FinalProjectMilestones\Source\SceneManager.cpp(1245,24): warning C4305: 'argument': truncation from 'double' to 'float'
C:\Users\emayb\Downloads\CS330Content-20250418T160730Z-001\CS330Content\CS330Content\Projects\7-1_FinalProjectMilestones\Source\SceneManager.cpp(1245,17): warning C4305: 'argument': truncation from 'double' to 'float'
C:\Users\emayb\Downloads\CS330Content-20250418T160730Z-001\CS330Content\CS330Content\Projects\7-1_FinalProjectMilestones\Source\SceneManager.cpp(1271,31): warning C4305: 'argument': truncation from 'double' to 'float'
C:\Users\emayb\Downloads\CS330Content-20250418T160730Z-001\CS330Content\CS330Content\Projects\7-1_FinalProjectMilestones\Source\SceneManager.cpp(1271,24): warning C4305: 'argument': truncation from 'double' to 'float'
C:\Users\emayb\Downloads\CS330Content-20250418T160730Z-001\CS330Content\CS330Content\Projects\7-1_FinalProjectMilestones\Source\SceneManager.cpp(1271,17): warning C4305: 'argument': truncation from 'double' to 'float'
C:\Users\emayb\Downloads\CS330Content-20250418T160730Z-001\CS330Content\CS330Content\Projects\7-1_FinalProjectMilestones\Source\SceneManager.cpp(1861,29): warning C4305: 'argument': truncation from 'double' to 'float'
C:\Users\emayb\Downloads\CS330Content-20250418T160730Z-001\CS330Content\CS330Content\Projects\7-1_FinalProjectMilestones\Source\SceneManager.cpp(1861,25): warning C4305: 'argument': truncation from 'double' to 'float'
C:\Users\emayb\Downloads\CS330Content-20250418T160730Z-001\CS330Content\CS330Content\Projects\7-1_FinalProjectMilestones\Source\SceneManager.cpp(1861,21): warning C4305: 'argument': truncation from 'double' to 'float'
C:\Users\emayb\Downloads\CS330Content-20250418T160730Z-001\CS330Content\CS330Content\Projects\7-1_FinalProjectMilestones\Source\SceneManager.cpp(1861,17): warning C4305: 'argument': truncation from 'double' to 'float'
C:\Users\emayb\Downloads\CS330Content-20250418T160730Z-001\CS330Content\CS330Content\Projects\7-1_FinalProjectMilestones\Source\SceneManager.cpp(1886,29): warning C4305: 'argument': truncation from 'double' to 'float'
C:\Users\emayb\Downloads\CS330Content-20250418T160730Z-001\CS330Content\CS330Content\Projects\7-1_FinalProjectMilestones\Source\SceneManager.cpp(1886,25): warning C4305: 'argument': truncation from 'double' to 'float'
C:\Users\emayb\Downloads\CS330Content-20250418T160730Z-001\CS330Content\CS330Content\Projects\7-1_FinalProjectMilestones\Source\SceneManager.cpp(1886,21): warning C4305: 'argument': truncation from 'double' to 'float'
C:\Users\emayb\Downloads\CS330Content-20250418T160730Z-001\CS330Content\CS330Content\Projects\7-1_FinalProjectMilestones\Source\SceneManager.cpp(1886,17): warning C4305: 'argument': truncation from 'double' to 'float'
  7-1_FinalProjectMilestones.vcxproj -> C:\Users\emayb\Downloads\CS330Content-20250418T160730Z-001\CS330Content\CS330Content\Projects\7-1_FinalProjectMilestones\Debug\7-1_FinalProjectMilestones.exe
